<?xml version="1.0" encoding="UTF-8"?>
<testsuite name="com.example.project.ExtraCreditTest" tests="1" skipped="0" failures="0" errors="0" timestamp="2024-09-26T15:30:04" hostname="codespaces-b8553f" time="0.073">
  <properties/>
  <testcase name="testExtraCredit()" classname="com.example.project.ExtraCreditTest" time="0.073"/>
  <system-out><![CDATA[]]></system-out>
  <system-err><![CDATA[]]></system-err>
</testsuite>
